<?xml version="1.0" encoding="UTF-8"?>
<testsuite name="com.client.wsRasmooplus.integration.EmailIntegrationTest" tests="1" skipped="0" failures="0" errors="0" timestamp="2023-12-27T22:30:21" hostname="erickk-Aspire-E1-471" time="9.793">
  <properties/>
  <testcase name="createSendEmailTest()" classname="com.client.wsRasmooplus.integration.EmailIntegrationTest" time="9.793"/>
  <system-out><![CDATA[19:30:06.688 [Test worker] INFO org.springframework.test.context.support.AnnotationConfigContextLoaderUtils -- Could not detect default configuration classes for test class [com.client.wsRasmooplus.integration.EmailIntegrationTest]: EmailIntegrationTest does not declare any static, non-private, non-final, nested classes annotated with @Configuration.
19:30:07.066 [Test worker] INFO org.springframework.boot.test.context.SpringBootTestContextBootstrapper -- Found @SpringBootConfiguration com.client.wsRasmooplus.WsRasmooPlusApplication for test class com.client.wsRasmooplus.integration.EmailIntegrationTest

  .   ____          _            __ _ _
 /\\ / ___'_ __ _ _(_)_ __  __ _ \ \ \ \
( ( )\___ | '_ | '_| | '_ \/ _` | \ \ \ \
 \\/  ___)| |_)| | | | | || (_| |  ) ) ) )
  '  |____| .__|_| |_|_| |_\__, | / / / /
 =========|_|==============|___/=/_/_/_/
 :: Spring Boot ::                (v3.2.0)

2023-12-27T19:30:08.233-03:00  INFO 77890 --- [    Test worker] c.c.w.integration.EmailIntegrationTest   : Starting EmailIntegrationTest using Java 17.0.9 with PID 77890 (started by erickk in /home/erickk/Área de Trabalho/rasmoo/ws-rasmoo-plus)
2023-12-27T19:30:08.238-03:00  INFO 77890 --- [    Test worker] c.c.w.integration.EmailIntegrationTest   : No active profile set, falling back to 1 default profile: "default"
2023-12-27T19:30:10.808-03:00  INFO 77890 --- [    Test worker] .s.d.r.c.RepositoryConfigurationDelegate : Bootstrapping Spring Data JPA repositories in DEFAULT mode.
2023-12-27T19:30:11.074-03:00  INFO 77890 --- [    Test worker] .s.d.r.c.RepositoryConfigurationDelegate : Finished Spring Data repository scanning in 214 ms. Found 4 JPA repository interfaces.
2023-12-27T19:30:12.403-03:00  INFO 77890 --- [    Test worker] com.zaxxer.hikari.HikariDataSource       : HikariPool-1 - Starting...
2023-12-27T19:30:13.307-03:00  INFO 77890 --- [    Test worker] com.zaxxer.hikari.pool.HikariPool        : HikariPool-1 - Added connection com.mysql.cj.jdbc.ConnectionImpl@4d4df0f4
2023-12-27T19:30:13.313-03:00  INFO 77890 --- [    Test worker] com.zaxxer.hikari.HikariDataSource       : HikariPool-1 - Start completed.
2023-12-27T19:30:13.653-03:00  INFO 77890 --- [    Test worker] o.f.c.internal.license.VersionPrinter    : Flyway Community Edition 9.22.3 by Redgate
2023-12-27T19:30:13.654-03:00  INFO 77890 --- [    Test worker] o.f.c.internal.license.VersionPrinter    : See release notes here: https://rd.gt/416ObMi
2023-12-27T19:30:13.654-03:00  INFO 77890 --- [    Test worker] o.f.c.internal.license.VersionPrinter    : 
2023-12-27T19:30:13.719-03:00  INFO 77890 --- [    Test worker] org.flywaydb.core.FlywayExecutor         : Database: jdbc:mysql://localhost:3306/rasplus (MySQL 8.2)
2023-12-27T19:30:13.776-03:00  WARN 77890 --- [    Test worker] o.f.c.internal.database.base.Database    : Flyway upgrade recommended: MySQL 8.2 is newer than this version of Flyway and support has not been tested. The latest supported version of MySQL is 8.0.
2023-12-27T19:30:13.903-03:00  INFO 77890 --- [    Test worker] o.f.core.internal.command.DbValidate     : Successfully validated 1 migration (execution time 00:00.098s)
2023-12-27T19:30:13.948-03:00  INFO 77890 --- [    Test worker] o.f.core.internal.command.DbMigrate      : Current version of schema `rasplus`: 1
2023-12-27T19:30:13.967-03:00  INFO 77890 --- [    Test worker] o.f.core.internal.command.DbMigrate      : Schema `rasplus` is up to date. No migration necessary.
2023-12-27T19:30:14.250-03:00  INFO 77890 --- [    Test worker] o.hibernate.jpa.internal.util.LogHelper  : HHH000204: Processing PersistenceUnitInfo [name: default]
2023-12-27T19:30:14.349-03:00  INFO 77890 --- [    Test worker] org.hibernate.Version                    : HHH000412: Hibernate ORM core version 6.3.1.Final
2023-12-27T19:30:14.417-03:00  INFO 77890 --- [    Test worker] o.h.c.internal.RegionFactoryInitiator    : HHH000026: Second-level cache disabled
2023-12-27T19:30:14.876-03:00  INFO 77890 --- [    Test worker] o.s.o.j.p.SpringPersistenceUnitInfo      : No LoadTimeWeaver setup: ignoring JPA class transformer
2023-12-27T19:30:17.585-03:00  INFO 77890 --- [    Test worker] o.h.e.t.j.p.i.JtaPlatformInitiator       : HHH000489: No JTA platform available (set 'hibernate.transaction.jta.platform' to enable JTA platform integration)
2023-12-27T19:30:17.592-03:00  INFO 77890 --- [    Test worker] j.LocalContainerEntityManagerFactoryBean : Initialized JPA EntityManagerFactory for persistence unit 'default'
2023-12-27T19:30:19.437-03:00  WARN 77890 --- [    Test worker] JpaBaseConfiguration$JpaWebConfiguration : spring.jpa.open-in-view is enabled by default. Therefore, database queries may be performed during view rendering. Explicitly configure spring.jpa.open-in-view to disable this warning
2023-12-27T19:30:21.641-03:00  INFO 77890 --- [    Test worker] c.c.w.integration.EmailIntegrationTest   : Started EmailIntegrationTest in 14.14 seconds (process running for 17.787)
]]></system-out>
  <system-err><![CDATA[]]></system-err>
</testsuite>
